/usr/local/lib/python2.7/site-packages/quast-4.5-py2.7.egg-info/scripts/quast.py /data/megahit_output_podar_metaG_sub_10/final.contigs.fa -o /data/megahit_output_podar_metaG_sub_10_quast_report

Version: 4.5

System information:
  OS: Linux-4.4.0-1022-aws-x86_64-with-glibc2.2.5 (linux_64)
  Python version: 2.7.13
  CPUs number: 16

Started: 2017-08-09 15:59:51

Logging to /data/megahit_output_podar_metaG_sub_10_quast_report/quast.log
NOTICE: Maximum number of threads is set to 4 (use --threads option to set it manually)

CWD: /
Main parameters: 
  Threads: 4, minimum contig length: 500, ambiguity: one, threshold for extensive misassembly size: 1000

Contigs:
  Pre-processing...
  /data/megahit_output_podar_metaG_sub_10/final.contigs.fa ==> final.contigs

2017-08-09 15:59:58
Running Basic statistics processor...
  Contig files: 
    final.contigs
  Calculating N50 and L50...
    final.contigs, N50 = 2895, L50 = 6091, Total length = 109369857, GC % = 49.68, # N's per 100 kbp =  0.00
  Drawing Nx plot...
    saved to /data/megahit_output_podar_metaG_sub_10_quast_report/basic_stats/Nx_plot.pdf
  Drawing cumulative plot...
    saved to /data/megahit_output_podar_metaG_sub_10_quast_report/basic_stats/cumulative_plot.pdf
  Drawing GC content plot...
    saved to /data/megahit_output_podar_metaG_sub_10_quast_report/basic_stats/GC_content_plot.pdf
  Drawing final.contigs GC content plot...
    saved to /data/megahit_output_podar_metaG_sub_10_quast_report/basic_stats/final.contigs_GC_content_plot.pdf
Done.

NOTICE: Genes are not predicted by default. Use --gene-finding option to enable it.

2017-08-09 16:00:05
Creating large visual summaries...
This may take a while: press Ctrl-C to skip this step..
  1 of 2: Creating Icarus viewers...
  2 of 2: Creating PDF with all tables and plots...
Done

2017-08-09 16:00:08
RESULTS:
  Text versions of total report are saved to /data/megahit_output_podar_metaG_sub_10_quast_report/report.txt, report.tsv, and report.tex
  Text versions of transposed total report are saved to /data/megahit_output_podar_metaG_sub_10_quast_report/transposed_report.txt, transposed_report.tsv, and transposed_report.tex
  HTML version (interactive tables and plots) saved to /data/megahit_output_podar_metaG_sub_10_quast_report/report.html
  PDF version (tables and plots) is saved to /data/megahit_output_podar_metaG_sub_10_quast_report/report.pdf
  Icarus (contig browser) is saved to /data/megahit_output_podar_metaG_sub_10_quast_report/icarus.html
  Log saved to /data/megahit_output_podar_metaG_sub_10_quast_report/quast.log

Finished: 2017-08-09 16:00:08
Elapsed time: 0:00:16.396210
NOTICEs: 2; WARNINGs: 1; non-fatal ERRORs: 0

Thank you for using QUAST!
