/usr/local/lib/python2.7/site-packages/quast-4.5-py2.7.egg-info/scripts/quast.py /data/spades_output_podar_metaG_sub_25/contigs.fasta -o data/spades_output__podar_metaG_sub_25_quast_report

Version: 4.5

System information:
  OS: Linux-4.4.0-1022-aws-x86_64-with-glibc2.2.5 (linux_64)
  Python version: 2.7.13
  CPUs number: 16

Started: 2017-08-23 21:03:56

Logging to /data/spades_output__podar_metaG_sub_25_quast_report/quast.log
NOTICE: Maximum number of threads is set to 4 (use --threads option to set it manually)

CWD: /
Main parameters: 
  Threads: 4, minimum contig length: 500, ambiguity: one, threshold for extensive misassembly size: 1000

Contigs:
  Pre-processing...
  /data/spades_output_podar_metaG_sub_25/contigs.fasta ==> contigs

2017-08-23 21:04:08
Running Basic statistics processor...
  Contig files: 
    contigs
  Calculating N50 and L50...
    contigs, N50 = 10506, L50 = 2357, Total length = 174094973, GC % = 50.30, # N's per 100 kbp =  0.00
  Drawing Nx plot...
    saved to /data/spades_output__podar_metaG_sub_25_quast_report/basic_stats/Nx_plot.pdf
  Drawing cumulative plot...
    saved to /data/spades_output__podar_metaG_sub_25_quast_report/basic_stats/cumulative_plot.pdf
  Drawing GC content plot...
    saved to /data/spades_output__podar_metaG_sub_25_quast_report/basic_stats/GC_content_plot.pdf
  Drawing contigs GC content plot...
    saved to /data/spades_output__podar_metaG_sub_25_quast_report/basic_stats/contigs_GC_content_plot.pdf
  Drawing Coverage histogram (bin size: 1x)...
    saved to /data/spades_output__podar_metaG_sub_25_quast_report/basic_stats/coverage_histogram.pdf
  Drawing contigs coverage histogram (bin size: 1x)...
    saved to /data/spades_output__podar_metaG_sub_25_quast_report/basic_stats/contigs_coverage_histogram.pdf
Done.

NOTICE: Genes are not predicted by default. Use --gene-finding option to enable it.

2017-08-23 21:04:24
Creating large visual summaries...
This may take a while: press Ctrl-C to skip this step..
  1 of 2: Creating Icarus viewers...
  2 of 2: Creating PDF with all tables and plots...
Done

2017-08-23 21:04:27
RESULTS:
  Text versions of total report are saved to /data/spades_output__podar_metaG_sub_25_quast_report/report.txt, report.tsv, and report.tex
  Text versions of transposed total report are saved to /data/spades_output__podar_metaG_sub_25_quast_report/transposed_report.txt, transposed_report.tsv, and transposed_report.tex
  HTML version (interactive tables and plots) saved to /data/spades_output__podar_metaG_sub_25_quast_report/report.html
  PDF version (tables and plots) is saved to /data/spades_output__podar_metaG_sub_25_quast_report/report.pdf
  Icarus (contig browser) is saved to /data/spades_output__podar_metaG_sub_25_quast_report/icarus.html
  Log saved to /data/spades_output__podar_metaG_sub_25_quast_report/quast.log

Finished: 2017-08-23 21:04:27
Elapsed time: 0:00:30.833483
NOTICEs: 2; WARNINGs: 1; non-fatal ERRORs: 0

Thank you for using QUAST!
