08/14/2017 21:40:19 program started
08/14/2017 21:40:19 command line: /usr/local/bin/srst2 --input_pe /data/SRR606249_subset50_1.trim.fq /data/SRR606249_subset50_2.trim.fq --forward _1.trim --reverse _2.trim --output /data/srst2_output_SRR606249_subset50 --log --gene_db /data/ResFinder.fasta
08/14/2017 21:40:19 Total paired readsets found:1
08/14/2017 21:40:19 Index for /data/ResFinder.fasta is already built...
08/14/2017 21:40:19 Processing database /data/ResFinder.fasta
08/14/2017 21:40:19 Non-unique:375, spc2
08/14/2017 21:40:19 Non-unique:183, sul3
08/14/2017 21:40:19 Non-unique:183, sul3
08/14/2017 21:40:19 Processing sample SRR606249_subset50
08/14/2017 21:40:19 Starting mapping with bowtie2
08/14/2017 21:40:19 Output prefix set to: /data/srst2_output_SRR606249_subset50__SRR606249_subset50.ResFinder
08/14/2017 21:40:19 Aligning reads to index /data/ResFinder.fasta using bowtie2...
08/14/2017 21:40:19 Running: bowtie2 -1 /data/SRR606249_subset50_1.trim.fq -2 /data/SRR606249_subset50_2.trim.fq -S /data/srst2_output_SRR606249_subset50__SRR606249_subset50.ResFinder.sam -q --very-sensitive-local --no-unal -a -x /data/ResFinder.fasta
08/14/2017 21:58:40 Processing Bowtie2 output with SAMtools...
08/14/2017 21:58:40 Generate and sort BAM file...
08/14/2017 21:58:40 Running: samtools view -b -o /data/srst2_output_SRR606249_subset50__SRR606249_subset50.ResFinder.unsorted.bam -q 1 -S /data/srst2_output_SRR606249_subset50__SRR606249_subset50.ResFinder.sam.mod
08/14/2017 21:58:40 Running: samtools sort /data/srst2_output_SRR606249_subset50__SRR606249_subset50.ResFinder.unsorted.bam /data/srst2_output_SRR606249_subset50__SRR606249_subset50.ResFinder.sorted
08/14/2017 21:58:40 Deleting sam and bam files that are not longer needed...
08/14/2017 21:58:40 Deleting /data/srst2_output_SRR606249_subset50__SRR606249_subset50.ResFinder.sam
08/14/2017 21:58:40 Deleting /data/srst2_output_SRR606249_subset50__SRR606249_subset50.ResFinder.sam.mod
08/14/2017 21:58:40 Deleting /data/srst2_output_SRR606249_subset50__SRR606249_subset50.ResFinder.unsorted.bam
08/14/2017 21:58:40 Generate pileup...
08/14/2017 21:58:40 Running: samtools mpileup -L 1000 -f /data/ResFinder.fasta -Q 20 -q 1 -B /data/srst2_output_SRR606249_subset50__SRR606249_subset50.ResFinder.sorted.bam
08/14/2017 21:58:40  Processing SAMtools pileup...
08/14/2017 21:58:40  Scoring alleles...
08/14/2017 21:58:40 Printing verbose gene detection results to /data/srst2_output_SRR606249_subset50__fullgenes__ResFinder__results.txt
08/14/2017 21:58:40  1 genes identified in SRR606249_subset50
08/14/2017 21:58:40  Finished processing for read set SRR606249_subset50 ...
08/14/2017 21:58:40 Tabulating results for database /data/ResFinder.fasta ...
08/14/2017 21:58:40 Finished processing for database /data/ResFinder.fasta ...
08/14/2017 21:58:40 Gene detection output printed to /data/srst2_output_SRR606249_subset50__genes__ResFinder__results.txt
08/14/2017 21:58:40 SRST2 has finished.
